<?xml version="1.0" encoding="UTF-8" standalone="yes"?><!DOCTYPE report PUBLIC "-//JACOCO//DTD Report 1.1//EN" "report.dtd"><report name="roman-number"><sessioninfo id="ubuntu-a93c1b37" start="1746569079997" dump="1746569080264"/><sessioninfo id="ubuntu-1da8fc4a" start="1746569098929" dump="1746569099210"/><sessioninfo id="ubuntu-d5c69184" start="1746569114169" dump="1746569114467"/><sessioninfo id="DESKTOP-P67S7AH-56afff50" start="1746806373212" dump="1746806373800"/><sessioninfo id="DESKTOP-P67S7AH-178feef1" start="1746806535492" dump="1746806536160"/><sessioninfo id="DESKTOP-P67S7AH-8f6c0982" start="1746807122109" dump="1746807122740"/><sessioninfo id="DESKTOP-P67S7AH-b9d6ea9c" start="1746807258085" dump="1746807258730"/><sessioninfo id="DESKTOP-P67S7AH-4d650a3d" start="1746807656833" dump="1746807657401"/><sessioninfo id="DESKTOP-P67S7AH-74c6fce" start="1746807991361" dump="1746807991943"/><sessioninfo id="ubuntu-c895380a" start="1746808905826" dump="1746808906180"/><sessioninfo id="ubuntu-85580aba" start="1746809038396" dump="1746809038770"/><sessioninfo id="DESKTOP-P67S7AH-390efccc" start="1746836651863" dump="1746836652443"/><sessioninfo id="DESKTOP-P67S7AH-e7ce68d0" start="1746836756112" dump="1746836756716"/><sessioninfo id="ubuntu-89199503" start="1746868557713" dump="1746868558052"/><sessioninfo id="ubuntu-69e870f4" start="1746868657736" dump="1746868658098"/><sessioninfo id="ubuntu-9c1561bc" start="1746869206003" dump="1746869206455"/><sessioninfo id="ubuntu-f2487f3d" start="1746869566033" dump="1746869566398"/><sessioninfo id="ubuntu-4cd91d04" start="1746869694325" dump="1746869694669"/><sessioninfo id="ubuntu-ceddabef" start="1746869742544" dump="1746869742962"/><sessioninfo id="DESKTOP-P67S7AH-9c7cd0b4" start="1746870370670" dump="1746870371429"/><sessioninfo id="DESKTOP-P67S7AH-a9625645" start="1746870670493" dump="1746870671092"/><sessioninfo id="DESKTOP-P67S7AH-a9e91c32" start="1746871143755" dump="1746871144460"/><sessioninfo id="ubuntu-f4f11e6b" start="1746871592114" dump="1746871592514"/><sessioninfo id="ubuntu-8b712d2c" start="1746871648480" dump="1746871648803"/><sessioninfo id="ubuntu-b9efa2bb" start="1746871977082" dump="1746871977455"/><sessioninfo id="ubuntu-4dfb9db" start="1746872045700" dump="1746872046064"/><sessioninfo id="ubuntu-3c04630e" start="1746873496393" dump="1746873496727"/><sessioninfo id="ubuntu-2901831b" start="1746873529108" dump="1746873529497"/><sessioninfo id="ubuntu-718677ee" start="1746873591842" dump="1746873592261"/><sessioninfo id="ubuntu-6b58103c" start="1746874058948" dump="1746874059278"/><sessioninfo id="ubuntu-172accc3" start="1746874119058" dump="1746874119405"/><sessioninfo id="ubuntu-808c5ddf" start="1746874138437" dump="1746874138795"/><sessioninfo id="ubuntu-c011cf" start="1746874199446" dump="1746874199858"/><sessioninfo id="ubuntu-8a5707d1" start="1746874224860" dump="1746874225195"/><sessioninfo id="ubuntu-7e24e414" start="1746874236214" dump="1746874236536"/><sessioninfo id="ubuntu-f4b110ca" start="1746874282113" dump="1746874282477"/><sessioninfo id="ubuntu-d47a423a" start="1746874357935" dump="1746874358279"/><sessioninfo id="ubuntu-c4f59be4" start="1746874373818" dump="1746874374152"/><sessioninfo id="ubuntu-d51faa7e" start="1746874415623" dump="1746874415945"/><sessioninfo id="ubuntu-f9c78ebc" start="1746874493695" dump="1746874494066"/><sessioninfo id="ubuntu-ac4b901f" start="1746874645149" dump="1746874645542"/><sessioninfo id="ubuntu-233641d9" start="1746874727451" dump="1746874727799"/><sessioninfo id="ubuntu-32ec4d71" start="1746874826488" dump="1746874826802"/><sessioninfo id="ubuntu-e05f9489" start="1746874840921" dump="1746874841275"/><sessioninfo id="ubuntu-adcc9bdf" start="1746874855273" dump="1746874855674"/><sessioninfo id="ubuntu-7ef5ba3c" start="1746874873836" dump="1746874874172"/><sessioninfo id="ubuntu-bb8f3b89" start="1746885332429" dump="1746885332782"/><sessioninfo id="fv-az1770-827-ebaaacce" start="1746899270877" dump="1746899271277"/><sessioninfo id="fv-az1770-827-60f016dc" start="1746899275085" dump="1746899275481"/><sessioninfo id="fv-az1377-831-8ce50395" start="1746899469868" dump="1746899470255"/><sessioninfo id="fv-az1377-831-870d3e50" start="1746899473975" dump="1746899474362"/><sessioninfo id="fv-az787-745-a3dd0e6" start="1746899732559" dump="1746899732951"/><sessioninfo id="fv-az787-745-76907c5" start="1746899737006" dump="1746899737389"/><sessioninfo id="fv-az787-745-8a06f633" start="1746899832816" dump="1746899833236"/><sessioninfo id="fv-az787-745-f71db40b" start="1746899837326" dump="1746899837709"/><sessioninfo id="fv-az2209-961-70c9830f" start="1746899921269" dump="1746899921671"/><sessioninfo id="fv-az2209-961-a15c560" start="1746899925335" dump="1746899925730"/><sessioninfo id="ubuntu-100158ad" start="1746971716114" dump="1746971716468"/><sessioninfo id="ubuntu-7598ee88" start="1746971840841" dump="1746971841274"/><package name="it/mtss/unipd"><class name="it/mtss/unipd/RomanPrinter" sourcefilename="RomanPrinter.java"><method name="&lt;init&gt;" desc="()V" line="7"><counter type="INSTRUCTION" missed="3" covered="0"/><counter type="LINE" missed="1" covered="0"/><counter type="COMPLEXITY" missed="1" covered="0"/><counter type="METHOD" missed="1" covered="0"/></method><method name="print" desc="(I)Ljava/lang/String;" line="11"><counter type="INSTRUCTION" missed="0" covered="4"/><counter type="LINE" missed="0" covered="1"/><counter type="COMPLEXITY" missed="0" covered="1"/><counter type="METHOD" missed="0" covered="1"/></method><method name="printAsciiArt" desc="(Ljava/lang/String;)Ljava/lang/String;" line="16"><counter type="INSTRUCTION" missed="0" covered="356"/><counter type="BRANCH" missed="1" covered="19"/><counter type="LINE" missed="0" covered="30"/><counter type="COMPLEXITY" missed="1" covered="10"/><counter type="METHOD" missed="0" covered="1"/></method><counter type="INSTRUCTION" missed="3" covered="360"/><counter type="BRANCH" missed="1" covered="19"/><counter type="LINE" missed="1" covered="31"/><counter type="COMPLEXITY" missed="2" covered="11"/><counter type="METHOD" missed="1" covered="2"/><counter type="CLASS" missed="0" covered="1"/></class><class name="it/mtss/unipd/IntegerToRoman" sourcefilename="IntegerToRoman.java"><method name="&lt;init&gt;" desc="()V" line="7"><counter type="INSTRUCTION" missed="3" covered="0"/><counter type="LINE" missed="1" covered="0"/><counter type="COMPLEXITY" missed="1" covered="0"/><counter type="METHOD" missed="1" covered="0"/></method><method name="convert" desc="(I)Ljava/lang/String;" line="11"><counter type="INSTRUCTION" missed="0" covered="220"/><counter type="BRANCH" missed="2" covered="38"/><counter type="LINE" missed="0" covered="39"/><counter type="COMPLEXITY" missed="2" covered="19"/><counter type="METHOD" missed="0" covered="1"/></method><counter type="INSTRUCTION" missed="3" covered="220"/><counter type="BRANCH" missed="2" covered="38"/><counter type="LINE" missed="1" covered="39"/><counter type="COMPLEXITY" missed="3" covered="19"/><counter type="METHOD" missed="1" covered="1"/><counter type="CLASS" missed="0" covered="1"/></class><sourcefile name="IntegerToRoman.java"><line nr="7" mi="3" ci="0" mb="0" cb="0"/><line nr="11" mi="0" ci="4" mb="0" cb="0"/><line nr="12" mi="0" ci="5" mb="1" cb="3"/><line nr="14" mi="0" ci="2" mb="0" cb="0"/><line nr="16" mi="0" ci="3" mb="0" cb="2"/><line nr="18" mi="0" ci="8" mb="0" cb="2"/><line nr="20" mi="0" ci="9" mb="0" cb="0"/><line nr="23" mi="0" ci="3" mb="0" cb="2"/><line nr="25" mi="0" ci="3" mb="0" cb="2"/><line nr="27" mi="0" ci="3" mb="0" cb="0"/><line nr="31" mi="0" ci="2" mb="0" cb="0"/><line nr="32" mi="0" ci="10" mb="0" cb="2"/><line nr="34" mi="0" ci="9" mb="0" cb="0"/><line nr="38" mi="0" ci="3" mb="0" cb="2"/><line nr="40" mi="0" ci="3" mb="0" cb="2"/><line nr="42" mi="0" ci="3" mb="0" cb="0"/><line nr="46" mi="0" ci="3" mb="0" cb="0"/><line nr="49" mi="0" ci="3" mb="0" cb="2"/><line nr="51" mi="0" ci="13" mb="0" cb="0"/><line nr="53" mi="0" ci="3" mb="0" cb="2"/><line nr="55" mi="0" ci="13" mb="0" cb="0"/><line nr="57" mi="0" ci="3" mb="0" cb="2"/><line nr="59" mi="0" ci="3" mb="0" cb="0"/><line nr="61" mi="0" ci="3" mb="0" cb="2"/><line nr="63" mi="0" ci="13" mb="0" cb="0"/><line nr="65" mi="0" ci="3" mb="0" cb="2"/><line nr="67" mi="0" ci="13" mb="0" cb="0"/><line nr="69" mi="0" ci="3" mb="0" cb="2"/><line nr="70" mi="0" ci="13" mb="0" cb="0"/><line nr="72" mi="0" ci="3" mb="0" cb="2"/><line nr="73" mi="0" ci="13" mb="0" cb="0"/><line nr="75" mi="0" ci="3" mb="0" cb="2"/><line nr="76" mi="0" ci="3" mb="0" cb="0"/><line nr="78" mi="0" ci="3" mb="0" cb="2"/><line nr="80" mi="0" ci="13" mb="0" cb="0"/><line nr="82" mi="0" ci="3" mb="0" cb="2"/><line nr="84" mi="0" ci="13" mb="0" cb="0"/><line nr="86" mi="0" ci="3" mb="1" cb="1"/><line nr="88" mi="0" ci="2" mb="0" cb="0"/><line nr="90" mi="0" ci="2" mb="0" cb="0"/><counter type="INSTRUCTION" missed="3" covered="220"/><counter type="BRANCH" missed="2" covered="38"/><counter type="LINE" missed="1" covered="39"/><counter type="COMPLEXITY" missed="3" covered="19"/><counter type="METHOD" missed="1" covered="1"/><counter type="CLASS" missed="0" covered="1"/></sourcefile><sourcefile name="RomanPrinter.java"><line nr="7" mi="3" ci="0" mb="0" cb="0"/><line nr="11" mi="0" ci="4" mb="0" cb="0"/><line nr="16" mi="0" ci="2" mb="0" cb="0"/><line nr="17" mi="0" ci="3" mb="0" cb="0"/><line nr="18" mi="0" ci="3" mb="0" cb="0"/><line nr="20" mi="0" ci="27" mb="0" cb="0"/><line nr="21" mi="0" ci="27" mb="0" cb="0"/><line nr="22" mi="0" ci="27" mb="0" cb="0"/><line nr="23" mi="0" ci="27" mb="0" cb="0"/><line nr="24" mi="0" ci="27" mb="0" cb="0"/><line nr="25" mi="0" ci="27" mb="0" cb="0"/><line nr="26" mi="0" ci="27" mb="0" cb="0"/><line nr="28" mi="0" ci="7" mb="0" cb="2"/><line nr="30" mi="0" ci="8" mb="0" cb="2"/><line nr="32" mi="0" ci="5" mb="0" cb="2"/><line nr="34" mi="0" ci="12" mb="0" cb="0"/><line nr="35" mi="0" ci="5" mb="0" cb="2"/><line nr="36" mi="0" ci="12" mb="0" cb="0"/><line nr="37" mi="0" ci="5" mb="0" cb="2"/><line nr="38" mi="0" ci="12" mb="0" cb="0"/><line nr="39" mi="0" ci="5" mb="0" cb="2"/><line nr="40" mi="0" ci="12" mb="0" cb="0"/><line nr="41" mi="0" ci="5" mb="0" cb="2"/><line nr="42" mi="0" ci="12" mb="0" cb="0"/><line nr="43" mi="0" ci="5" mb="0" cb="2"/><line nr="44" mi="0" ci="12" mb="0" cb="0"/><line nr="45" mi="0" ci="5" mb="1" cb="1"/><line nr="46" mi="0" ci="11" mb="0" cb="0"/><line nr="48" mi="0" ci="6" mb="0" cb="2"/><line nr="49" mi="0" ci="9" mb="0" cb="0"/><line nr="51" mi="0" ci="9" mb="0" cb="0"/><line nr="53" mi="0" ci="2" mb="0" cb="0"/><counter type="INSTRUCTION" missed="3" covered="360"/><counter type="BRANCH" missed="1" covered="19"/><counter type="LINE" missed="1" covered="31"/><counter type="COMPLEXITY" missed="2" covered="11"/><counter type="METHOD" missed="1" covered="2"/><counter type="CLASS" missed="0" covered="1"/></sourcefile><counter type="INSTRUCTION" missed="6" covered="580"/><counter type="BRANCH" missed="3" covered="57"/><counter type="LINE" missed="2" covered="70"/><counter type="COMPLEXITY" missed="5" covered="30"/><counter type="METHOD" missed="2" covered="3"/><counter type="CLASS" missed="0" covered="2"/></package><counter type="INSTRUCTION" missed="6" covered="580"/><counter type="BRANCH" missed="3" covered="57"/><counter type="LINE" missed="2" covered="70"/><counter type="COMPLEXITY" missed="5" covered="30"/><counter type="METHOD" missed="2" covered="3"/><counter type="CLASS" missed="0" covered="2"/></report>