<?xml version="1.0" encoding="UTF-8"?>
<testsuite xmlns:xsi="http://www.w3.org/2001/XMLSchema-instance" xsi:noNamespaceSchemaLocation="https://maven.apache.org/surefire/maven-surefire-plugin/xsd/surefire-test-report.xsd" name="it.mtss.unipd.RomanPrinterTest" time="0.008" tests="2" errors="0" skipped="0" failures="2">
  <properties>
    <property name="java.specification.version" value="24"/>
    <property name="sun.cpu.isalist" value="amd64"/>
    <property name="sun.jnu.encoding" value="Cp1252"/>
    <property name="java.class.path" value="C:\Users\Giulia\Desktop\università\MTSS\Prova 2\assignment_2\target\test-classes;C:\Users\Giulia\Desktop\università\MTSS\Prova 2\assignment_2\target\classes;C:\Users\Giulia\.m2\repository\junit\junit\4.12\junit-4.12.jar;C:\Users\Giulia\.m2\repository\org\hamcrest\hamcrest-core\1.3\hamcrest-core-1.3.jar;"/>
    <property name="java.vm.vendor" value="Oracle Corporation"/>
    <property name="sun.arch.data.model" value="64"/>
    <property name="user.variant" value=""/>
    <property name="java.vendor.url" value="https://java.oracle.com/"/>
    <property name="user.timezone" value="Europe/Rome"/>
    <property name="mvnd.terminalWidth" value="120"/>
    <property name="os.name" value="Windows 10"/>
    <property name="java.vm.specification.version" value="24"/>
    <property name="sun.java.launcher" value="SUN_STANDARD"/>
    <property name="user.country" value="IT"/>
    <property name="sun.boot.library.path" value="C:\Program Files\Java\jdk-24\bin"/>
    <property name="sun.java.command" value="C:\Users\Giulia\AppData\Local\Temp\surefire3905735990823997627\surefirebooter14837146300818749667.jar C:\Users\Giulia\AppData\Local\Temp\surefire3905735990823997627 2025-05-10T11-46-10_138-jvmRun1 surefire18069423885240124687tmp surefire_14954216077906220628tmp"/>
    <property name="jdk.debug" value="release"/>
    <property name="surefire.test.class.path" value="C:\Users\Giulia\Desktop\università\MTSS\Prova 2\assignment_2\target\test-classes;C:\Users\Giulia\Desktop\università\MTSS\Prova 2\assignment_2\target\classes;C:\Users\Giulia\.m2\repository\junit\junit\4.12\junit-4.12.jar;C:\Users\Giulia\.m2\repository\org\hamcrest\hamcrest-core\1.3\hamcrest-core-1.3.jar;"/>
    <property name="sun.cpu.endian" value="little"/>
    <property name="user.home" value="C:\Users\Giulia"/>
    <property name="user.language" value="it"/>
    <property name="java.specification.vendor" value="Oracle Corporation"/>
    <property name="java.version.date" value="2025-04-15"/>
    <property name="java.home" value="C:\Program Files\Java\jdk-24"/>
    <property name="file.separator" value="\"/>
    <property name="basedir" value="C:\Users\Giulia\Desktop\università\MTSS\Prova 2\assignment_2"/>
    <property name="style.color" value="always"/>
    <property name="java.vm.compressedOopsMode" value="Zero based"/>
    <property name="line.separator" value="&#10;"/>
    <property name="java.vm.specification.vendor" value="Oracle Corporation"/>
    <property name="java.specification.name" value="Java Platform API Specification"/>
    <property name="surefire.real.class.path" value="C:\Users\Giulia\AppData\Local\Temp\surefire3905735990823997627\surefirebooter14837146300818749667.jar"/>
    <property name="user.script" value=""/>
    <property name="sun.management.compiler" value="HotSpot 64-Bit Tiered Compilers"/>
    <property name="java.runtime.version" value="24.0.1+9-30"/>
    <property name="user.name" value="Giulia"/>
    <property name="stdout.encoding" value="Cp1252"/>
    <property name="path.separator" value=";"/>
    <property name="os.version" value="10.0"/>
    <property name="java.runtime.name" value="Java(TM) SE Runtime Environment"/>
    <property name="file.encoding" value="UTF-8"/>
    <property name="java.vm.name" value="Java HotSpot(TM) 64-Bit Server VM"/>
    <property name="localRepository" value="C:\Users\Giulia\.m2\repository"/>
    <property name="java.vendor.url.bug" value="https://bugreport.java.com/bugreport/"/>
    <property name="java.io.tmpdir" value="C:\Users\Giulia\AppData\Local\Temp\"/>
    <property name="java.version" value="24.0.1"/>
    <property name="user.dir" value="C:\Users\Giulia\Desktop\università\MTSS\Prova 2\assignment_2"/>
    <property name="os.arch" value="amd64"/>
    <property name="maven.multiModuleProjectDirectory" value="C:\Users\Giulia\Desktop\università\MTSS\Prova 2\assignment_2"/>
    <property name="java.vm.specification.name" value="Java Virtual Machine Specification"/>
    <property name="sun.os.patch.level" value=""/>
    <property name="native.encoding" value="Cp1252"/>
    <property name="java.library.path" value="C:\Program Files\Java\jdk-24\bin;C:\WINDOWS\Sun\Java\bin;C:\WINDOWS\system32;C:\WINDOWS;C:\Program Files\Git\cmd;C:\Program Files\Common Files\Oracle\Java\javapath;C:\WINDOWS\system32;C:\WINDOWS;C:\WINDOWS\System32\Wbem;C:\WINDOWS\System32\WindowsPowerShell\v1.0\;c:\Program Files (x86)\Microsoft SQL Server\100\Tools\Binn\;c:\Program Files (x86)\Microsoft SQL Server\100\DTS\Binn\;C:\WINDOWS\System32\OpenSSH\;C:\Program Files (x86)\Calibre2\;C:\Program Files\nodejs\;C:\Program Files\dotnet\;C:\Program Files\MATLAB\R2024b\bin;C:\Program Files\maven-mvnd-1.0.2-windows-amd64\bin;C:\Program Files\Microsoft\jdk-11.0.12.7-hotspot\bin;C:\Program Files\Java\jdk-24\bin;C:\Program Files\Git\cmd;C:\Users\Giulia\AppData\Local\Microsoft\WindowsApps;C:\Users\Giulia\AppData\Roaming\npm;C:\flutter\bin;C:\Users\Giulia\.dotnet\tools;C:\Users\Giulia\Desktop\C++\Dev-Cpp\MinGW64\bin;C:\Users\Giulia\AppData\Local\Programs\Microsoft VS Code\bin;C:\Program Files\Java\jdk-24\bin;;."/>
    <property name="java.vm.info" value="mixed mode, sharing"/>
    <property name="stderr.encoding" value="Cp1252"/>
    <property name="java.vendor" value="Oracle Corporation"/>
    <property name="java.vm.version" value="24.0.1+9-30"/>
    <property name="sun.io.unicode.encoding" value="UnicodeLittle"/>
    <property name="java.class.version" value="68.0"/>
  </properties>
  <testcase name="testComplexCombinations" classname="it.mtss.unipd.RomanPrinterTest" time="0.002">
    <failure message="expected:&lt;[  ___   __  __&#10; / __| |  \/  |&#10;| |    | \  / |&#10;| |    | |\/| |&#10;| |__  | |  | |&#10; \___| |_|  |_|]&#10;&gt; but was:&lt;[&#10;&#10;&#10;&#10;&#10;]&#10;&gt;" type="org.junit.ComparisonFailure"><![CDATA[org.junit.ComparisonFailure: 
expected:<[  ___   __  __
 / __| |  \/  |
| |    | \  / |
| |    | |\/| |
| |__  | |  | |
 \___| |_|  |_|]
> but was:<[




]
>
	at it.mtss.unipd.RomanPrinterTest.testComplexCombinations(RomanPrinterTest.java:93)
]]></failure>
  </testcase>
  <testcase name="testSingleCharacters" classname="it.mtss.unipd.RomanPrinterTest" time="0.001">
    <failure message="expected:&lt;[ __  __ &#10;|  \/  |&#10;| \  / |&#10;| |\/| |&#10;| |  | |&#10;|_|  |_|]&#10;&gt; but was:&lt;[&#10;&#10;&#10;&#10;&#10;]&#10;&gt;" type="org.junit.ComparisonFailure"><![CDATA[org.junit.ComparisonFailure: 
expected:<[ __  __ 
|  \/  |
| \  / |
| |\/| |
| |  | |
|_|  |_|]
> but was:<[




]
>
	at it.mtss.unipd.RomanPrinterTest.testSingleCharacters(RomanPrinterTest.java:30)
]]></failure>
  </testcase>
</testsuite>