<?xml version="1.0" encoding="UTF-8"?>
<testsuite xmlns:xsi="http://www.w3.org/2001/XMLSchema-instance" xsi:noNamespaceSchemaLocation="https://maven.apache.org/surefire/maven-surefire-plugin/xsd/surefire-test-report.xsd" name="it.mtss.unipd.RomanPrinterTest" time="0.073" tests="2" errors="0" skipped="0" failures="2">
  <properties>
[...]
</properties>
  <testcase name="testComplexCombinations" classname="it.mtss.unipd.RomanPrinterTest" time="0.014">
    <failure message="expected:&lt;__    __ [  ___ &#10;\ \  / /  / __|&#10; \ \/ /  | |   &#10;  &gt;  &lt;   | |   &#10; / /\ \  | |__ &#10;/_/  \_\  \___|]&#10;&gt; but was:&lt;__    __ [&#10;\ \  / / &#10; \ \/ /  &#10;  &gt;  &lt;   &#10; / /\ \  &#10;/_/  \_\ ]&#10;&gt;" type="org.junit.ComparisonFailure"><![CDATA[org.junit.ComparisonFailure: 
expected:<__    __ [  ___ 
\ \  / /  / __|
 \ \/ /  | |   
  >  <   | |   
 / /\ \  | |__ 
/_/  \_\  \___|]
> but was:<__    __ [
\ \  / / 
 \ \/ /  
  >  <   
 / /\ \  
/_/  \_\ ]
>
	at it.mtss.unipd.RomanPrinterTest.testComplexCombinations(RomanPrinterTest.java:66)
]]></failure>
  </testcase>
  <testcase name="testSingleCharacters" classname="it.mtss.unipd.RomanPrinterTest" time="0.001">
    <failure message="expected:&lt;[  _____ &#10; / ____|&#10;| |     &#10;| |     &#10;| |____ &#10; \_____|]&#10;&gt; but was:&lt;[&#10;&#10;&#10;&#10;&#10;]&#10;&gt;" type="org.junit.ComparisonFailure"><![CDATA[org.junit.ComparisonFailure: 
expected:<[  _____ 
 / ____|
| |     
| |     
| |____ 
 \_____|]
> but was:<[




]
>
	at it.mtss.unipd.RomanPrinterTest.testSingleCharacters(RomanPrinterTest.java:24)
]]></failure>
  </testcase>
</testsuite>