<?xml version="1.0" encoding="UTF-8"?>
<testsuite xmlns:xsi="http://www.w3.org/2001/XMLSchema-instance" xsi:noNamespaceSchemaLocation="https://maven.apache.org/surefire/maven-surefire-plugin/xsd/surefire-test-report.xsd" name="it.mtss.unipd.RomanPrinterTest" time="0.008" tests="2" errors="0" skipped="0" failures="2">
  <properties>
[...]
</properties>
  <testcase name="testComplexCombinations" classname="it.mtss.unipd.RomanPrinterTest" time="0.002">
    <failure message="expected:&lt;[  ___   __  __&#10; / __| |  \/  |&#10;| |    | \  / |&#10;| |    | |\/| |&#10;| |__  | |  | |&#10; \___| |_|  |_|]&#10;&gt; but was:&lt;[&#10;&#10;&#10;&#10;&#10;]&#10;&gt;" type="org.junit.ComparisonFailure"><![CDATA[org.junit.ComparisonFailure: 
expected:<[  ___   __  __
 / __| |  \/  |
| |    | \  / |
| |    | |\/| |
| |__  | |  | |
 \___| |_|  |_|]
> but was:<[




]
>
	at it.mtss.unipd.RomanPrinterTest.testComplexCombinations(RomanPrinterTest.java:93)
]]></failure>
  </testcase>
  <testcase name="testSingleCharacters" classname="it.mtss.unipd.RomanPrinterTest" time="0.001">
    <failure message="expected:&lt;[ __  __ &#10;|  \/  |&#10;| \  / |&#10;| |\/| |&#10;| |  | |&#10;|_|  |_|]&#10;&gt; but was:&lt;[&#10;&#10;&#10;&#10;&#10;]&#10;&gt;" type="org.junit.ComparisonFailure"><![CDATA[org.junit.ComparisonFailure: 
expected:<[ __  __ 
|  \/  |
| \  / |
| |\/| |
| |  | |
|_|  |_|]
> but was:<[




]
>
	at it.mtss.unipd.RomanPrinterTest.testSingleCharacters(RomanPrinterTest.java:30)
]]></failure>
  </testcase>
</testsuite>